<?xml version="1.0" encoding="UTF-8"?>
<!-- Generated by org.testng.reporters.JUnitReportReporter -->
<testsuite hostname="DESKTOP-2DHHN0N" failures="0" tests="1" name="com.chekingLinks.test.CheckLinksTest" time="12.826" errors="0" timestamp="2019-12-22T20:38:24 EST" skipped="0">
  <testcase classname="com.chekingLinks.test.CheckLinksTest" name="f" time="12.826"/>
</testsuite> <!-- com.chekingLinks.test.CheckLinksTest -->
